<?xml version="1.0" encoding="UTF-8"?>
<!-- Generated by org.testng.reporters.JUnitXMLReporter -->
<testsuite hostname="Ghawi" ignored="0" name="GrafanaWebTest" tests="5" failures="0" timestamp="2021-12-01T20:37:14 IST" time="145.271" errors="0">
  <testcase name="login" time="4.05" classname="testcases.GrafanaWebTestCases"/>
  <testcase name="createNewDashboard" time="99.84" classname="testcases.GrafanaWebTestCases"/>
  <testcase name="searchDashboardNotExist" time="0.274" classname="testcases.GrafanaWebTestCases"/>
  <testcase name="homePageLogo" time="16.783" classname="testcases.GrafanaWebTestCases"/>
  <testcase name="verifyDashboardName" time="3.446" classname="testcases.GrafanaWebTestCases"/>
</testsuite> <!-- GrafanaWebTest -->
