<?xml version="1.0" encoding="UTF-8"?>
<!-- Generated by org.testng.reporters.JUnitXMLReporter -->
<testsuite hostname="AYALA-R-5981" ignored="0" name="GrafanaWebTest" tests="5" failures="1" timestamp="2021-12-02T03:57:07 IST" time="142.973" errors="0">
  <testcase name="login" time="4.936" classname="testcases.GrafanaWebTestCases"/>
  <testcase name="createNewDashboard" time="101.772" classname="testcases.GrafanaWebTestCases"/>
  <testcase name="searchDashboardNotExist" time="0.366" classname="testcases.GrafanaWebTestCases"/>
  <testcase name="homePageLogo" time="5.933" classname="testcases.GrafanaWebTestCases">
    <failure type="org.sikuli.script.FindFailed" message="C:\\Automation\\Hackathon\\Sikuli\\Images/manage.png: (116x40) in R[0,0 1600x900]@S(0)">
      <![CDATA[FindFailed: C:\\Automation\\Hackathon\\Sikuli\\Images/manage.png: (116x40) in R[0,0 1600x900]@S(0)
  Line 2226, in file Region.java

at org.sikuli.script.Region.wait(Region.java:2226)
at org.sikuli.script.Region.wait(Region.java:2244)
at org.sikuli.script.Region.getLocationFromTarget(Region.java:3298)
at org.sikuli.script.Region.click(Region.java:3916)
at org.sikuli.script.Region.click(Region.java:3892)
at workflow.GrafanaWebWorkFlow.clickOnImage(GrafanaWebWorkFlow.java:63)
at testcases.GrafanaWebTestCases.homePageLogo(GrafanaWebTestCases.java:81)
at java.util.ArrayList.forEach(ArrayList.java:1249)
... Removed 31 stack frames]]>
    </failure>
  </testcase> <!-- homePageLogo -->
  <testcase name="verifyDashboardName" time="3.616" classname="testcases.GrafanaWebTestCases"/>
</testsuite> <!-- GrafanaWebTest -->
