<?xml version="1.0" encoding="UTF-8"?>
<!-- Generated by org.testng.reporters.JUnitXMLReporter -->
<testsuite hostname="Ghawi" ignored="0" name="MortgageCalcTest" tests="6" failures="0" timestamp="2021-12-01T09:16:18 IST" time="9.354" errors="0">
  <testcase name="@BeforeClass startSession" time="8.654" classname="utilities.CommonOps">
    <failure type="org.openqa.selenium.WebDriverException" message="Connection refused: connect
Build info: version: &amp;apos;3.141.59&amp;apos;, revision: &amp;apos;e82be7d358&amp;apos;, time: &amp;apos;2018-11-14T08:17:03&amp;apos;
System info: host: &amp;apos;GHAWI&amp;apos;, ip: &amp;apos;10.0.0.9&amp;apos;, os.name: &amp;apos;Windows 10&amp;apos;, os.arch: &amp;apos;amd64&amp;apos;, os.version: &amp;apos;10.0&amp;apos;, java.version: &amp;apos;1.8.0_211&amp;apos;
Driver info: driver.version: AndroidDriver">
      <![CDATA[org.openqa.selenium.WebDriverException: Connection refused: connect
Build info: version: '3.141.59', revision: 'e82be7d358', time: '2018-11-14T08:17:03'
System info: host: 'GHAWI', ip: '10.0.0.9', os.name: 'Windows 10', os.arch: 'amd64', os.version: '10.0', java.version: '1.8.0_211'
Driver info: driver.version: AndroidDriver
at io.appium.java_client.remote.AppiumCommandExecutor.lambda$6(AppiumCommandExecutor.java:259)
at java.util.Optional.orElseGet(Unknown Source)
at io.appium.java_client.remote.AppiumCommandExecutor.execute(AppiumCommandExecutor.java:258)
at org.openqa.selenium.remote.RemoteWebDriver.execute(RemoteWebDriver.java:552)
at io.appium.java_client.DefaultGenericMobileDriver.execute(DefaultGenericMobileDriver.java:41)
at io.appium.java_client.AppiumDriver.execute(AppiumDriver.java:1)
at io.appium.java_client.android.AndroidDriver.execute(AndroidDriver.java:1)
at org.openqa.selenium.remote.RemoteWebDriver.startSession(RemoteWebDriver.java:213)
at io.appium.java_client.AppiumDriver.startSession(AppiumDriver.java:338)
at org.openqa.selenium.remote.RemoteWebDriver.<init>(RemoteWebDriver.java:131)
at io.appium.java_client.DefaultGenericMobileDriver.<init>(DefaultGenericMobileDriver.java:37)
at io.appium.java_client.AppiumDriver.<init>(AppiumDriver.java:89)
at io.appium.java_client.AppiumDriver.<init>(AppiumDriver.java:99)
at io.appium.java_client.android.AndroidDriver.<init>(AndroidDriver.java:96)
at utilities.CommonOps.myAppiumStarter(CommonOps.java:89)
at utilities.CommonOps.startSession(CommonOps.java:46)
at java.util.ArrayList.forEach(Unknown Source)
Caused by: java.net.ConnectException: Connection refused: connect
at java.net.DualStackPlainSocketImpl.waitForConnect(Native Method)
at java.net.DualStackPlainSocketImpl.socketConnect(Unknown Source)
at java.net.AbstractPlainSocketImpl.doConnect(Unknown Source)
at java.net.AbstractPlainSocketImpl.connectToAddress(Unknown Source)
at java.net.AbstractPlainSocketImpl.connect(Unknown Source)
at java.net.PlainSocketImpl.connect(Unknown Source)
at java.net.SocksSocketImpl.connect(Unknown Source)
at java.net.Socket.connect(Unknown Source)
at okhttp3.internal.platform.Platform.connectSocket(Platform.java:129)
at okhttp3.internal.connection.RealConnection.connectSocket(RealConnection.java:245)
at okhttp3.internal.connection.RealConnection.connect(RealConnection.java:165)
at okhttp3.internal.connection.StreamAllocation.findConnection(StreamAllocation.java:257)
at okhttp3.internal.connection.StreamAllocation.findHealthyConnection(StreamAllocation.java:135)
at okhttp3.internal.connection.StreamAllocation.newStream(StreamAllocation.java:114)
at okhttp3.internal.connection.ConnectInterceptor.intercept(ConnectInterceptor.java:42)
at okhttp3.internal.http.RealInterceptorChain.proceed(RealInterceptorChain.java:147)
at okhttp3.internal.http.RealInterceptorChain.proceed(RealInterceptorChain.java:121)
at okhttp3.internal.cache.CacheInterceptor.intercept(CacheInterceptor.java:93)
at okhttp3.internal.http.RealInterceptorChain.proceed(RealInterceptorChain.java:147)
at okhttp3.internal.http.RealInterceptorChain.proceed(RealInterceptorChain.java:121)
at okhttp3.internal.http.BridgeInterceptor.intercept(BridgeInterceptor.java:93)
at okhttp3.internal.http.RealInterceptorChain.proceed(RealInterceptorChain.java:147)
at okhttp3.internal.http.RetryAndFollowUpInterceptor.intercept(RetryAndFollowUpInterceptor.java:126)
at okhttp3.internal.http.RealInterceptorChain.proceed(RealInterceptorChain.java:147)
at okhttp3.internal.http.RealInterceptorChain.proceed(RealInterceptorChain.java:121)
at okhttp3.RealCall.getResponseWithInterceptorChain(RealCall.java:200)
at okhttp3.RealCall.execute(RealCall.java:77)
at org.openqa.selenium.remote.internal.OkHttpClient.execute(OkHttpClient.java:103)
at io.appium.java_client.remote.AppiumCommandExecutor.lambda$1(AppiumCommandExecutor.java:162)
at org.openqa.selenium.remote.ProtocolHandshake.createSession(ProtocolHandshake.java:105)
at io.appium.java_client.remote.AppiumCommandExecutor$1.createSession(AppiumCommandExecutor.java:193)
at io.appium.java_client.remote.AppiumCommandExecutor.createSession(AppiumCommandExecutor.java:225)
at io.appium.java_client.remote.AppiumCommandExecutor.execute(AppiumCommandExecutor.java:247)
... 43 more
... Removed 33 stack frames]]>
    </failure>
  </testcase> <!-- @BeforeClass startSession -->
  <testcase name="@AfterMethod wait_seconds" time="-1.638342977948E9" classname="utilities.CommonOps">
    <skipped/>
  </testcase> <!-- @AfterMethod wait_seconds -->
  <testcase name="@AfterMethod wait_seconds" time="-1.638342977985E9" classname="utilities.CommonOps">
    <skipped/>
  </testcase> <!-- @AfterMethod wait_seconds -->
  <testcase name="@AfterMethod wait_seconds" time="-1.638342977999E9" classname="utilities.CommonOps">
    <skipped/>
  </testcase> <!-- @AfterMethod wait_seconds -->
  <testcase name="@AfterMethod wait_seconds" time="-1.638342978019E9" classname="utilities.CommonOps">
    <skipped/>
  </testcase> <!-- @AfterMethod wait_seconds -->
  <testcase name="@AfterMethod wait_seconds" time="-1.638342978033E9" classname="utilities.CommonOps">
    <skipped/>
  </testcase> <!-- @AfterMethod wait_seconds -->
  <testcase name="@AfterMethod wait_seconds" time="-1.638342978045E9" classname="utilities.CommonOps">
    <skipped/>
  </testcase> <!-- @AfterMethod wait_seconds -->
  <testcase name="@AfterClass endSession" time="-1.638342978047E9" classname="utilities.CommonOps">
    <skipped/>
  </testcase> <!-- @AfterClass endSession -->
  <testcase name="calcFragment" time="0.0" classname="testcases.MortgageCalcTestCases">
    <skipped/>
  </testcase> <!-- calcFragment -->
  <testcase name="calcFragment" time="0.0" classname="testcases.MortgageCalcTestCases">
    <skipped/>
  </testcase> <!-- calcFragment -->
  <testcase name="calcFragment" time="0.0" classname="testcases.MortgageCalcTestCases">
    <skipped/>
  </testcase> <!-- calcFragment -->
  <testcase name="calcFragment" time="0.0" classname="testcases.MortgageCalcTestCases">
    <skipped/>
  </testcase> <!-- calcFragment -->
  <testcase name="calcFragment" time="0.0" classname="testcases.MortgageCalcTestCases">
    <skipped/>
  </testcase> <!-- calcFragment -->
  <testcase name="savedFragment" time="0.0" classname="testcases.MortgageCalcTestCases">
    <skipped/>
  </testcase> <!-- savedFragment -->
</testsuite> <!-- MortgageCalcTest -->
