<?xml version="1.0" encoding="UTF-8"?>
<!-- Generated by org.testng.reporters.JUnitXMLReporter -->
<testsuite hostname="Ghawi" ignored="0" name="MortgageCalcTest" tests="6" failures="0" timestamp="2021-11-30T20:32:31 IST" time="4.198" errors="0">
  <testcase name="calcFragment" time="0.0" classname="testcases.MortgageCalcTestCases">
    <skipped/>
  </testcase> <!-- calcFragment -->
  <testcase name="calcFragment" time="0.0" classname="testcases.MortgageCalcTestCases">
    <skipped/>
  </testcase> <!-- calcFragment -->
  <testcase name="calcFragment" time="0.0" classname="testcases.MortgageCalcTestCases">
    <skipped/>
  </testcase> <!-- calcFragment -->
  <testcase name="calcFragment" time="0.0" classname="testcases.MortgageCalcTestCases">
    <skipped/>
  </testcase> <!-- calcFragment -->
  <testcase name="calcFragment" time="0.0" classname="testcases.MortgageCalcTestCases">
    <skipped/>
  </testcase> <!-- calcFragment -->
  <testcase name="savedFragment" time="0.0" classname="testcases.MortgageCalcTestCases">
    <skipped/>
  </testcase> <!-- savedFragment -->
</testsuite> <!-- MortgageCalcTest -->
