<?xml version="1.0" encoding="UTF-8"?>
<!-- Generated by org.testng.reporters.JUnitXMLReporter -->
<testsuite hostname="AYALA-R-5981" ignored="0" name="GrafanaApiTest" tests="3" failures="0" timestamp="2021-12-02T13:37:20 IST" time="15.61" errors="0">
  <testcase name="test01_post" time="3.925" classname="testcases.GrafanaApiTestCases"/>
  <testcase name="test02_update" time="0.063" classname="testcases.GrafanaApiTestCases"/>
  <testcase name="test03_delete" time="0.193" classname="testcases.GrafanaApiTestCases"/>
</testsuite> <!-- GrafanaApiTest -->
