<?xml version="1.0" encoding="UTF-8"?>
<!-- Generated by org.testng.reporters.JUnitXMLReporter -->
<testsuite hostname="AYALA-R-5981" ignored="0" name="ToDoLIstTest" tests="3" failures="0" timestamp="2021-12-02T13:35:54 IST" time="43.12" errors="0">
  <testcase name="test01_create" time="11.285" classname="testcases.ToDoLIstTestCases"/>
  <testcase name="test02_complete" time="3.241" classname="testcases.ToDoLIstTestCases"/>
  <testcase name="test03_delete" time="13.27" classname="testcases.ToDoLIstTestCases"/>
</testsuite> <!-- ToDoLIstTest -->
