<?xml version="1.0" encoding="UTF-8"?>
<!-- Generated by org.testng.reporters.JUnitXMLReporter -->
<testsuite hostname="AYALA-R-5981" ignored="0" name="ToDoLIstTest" tests="3" failures="0" timestamp="2021-12-03T01:39:07 IST" time="35.957" errors="0">
  <testcase name="test01_create" time="10.611" classname="testcases.ToDoLIstTestCases"/>
  <testcase name="test02_complete" time="0.329" classname="testcases.ToDoLIstTestCases"/>
  <testcase name="test03_delete" time="10.341" classname="testcases.ToDoLIstTestCases"/>
</testsuite> <!-- ToDoLIstTest -->
